{"level":"info","message":"Starting Book Management System server...","timestamp":"2025-06-20 23:10:00"}
{"level":"info","message":"Database connected and initialized successfully","timestamp":"2025-06-20 23:10:00"}
{"databaseConnected":true,"databaseType":"POSTGRESQL","level":"info","message":"Server running at http://localhost:3000","nodeEnv":"development","port":"3000","timestamp":"2025-06-20 23:10:00"}
{"level":"info","message":"Book Management System is ready!","timestamp":"2025-06-20 23:10:00"}
{"level":"info","message":"Starting Book Management System server...","timestamp":"2025-06-20 23:10:19"}
{"level":"info","message":"Database connected and initialized successfully","timestamp":"2025-06-20 23:10:19"}
{"databaseConnected":true,"databaseType":"POSTGRESQL","level":"info","message":"Server running at http://localhost:3000","nodeEnv":"development","port":"3000","timestamp":"2025-06-20 23:10:19"}
{"level":"info","message":"Book Management System is ready!","timestamp":"2025-06-20 23:10:19"}
{"level":"info","message":"Starting Book Management System server...","timestamp":"2025-06-20 23:10:28"}
{"level":"info","message":"Database connected and initialized successfully","timestamp":"2025-06-20 23:10:28"}
{"databaseConnected":true,"databaseType":"POSTGRESQL","level":"info","message":"Server running at http://localhost:3000","nodeEnv":"development","port":"3000","timestamp":"2025-06-20 23:10:28"}
{"level":"info","message":"Book Management System is ready!","timestamp":"2025-06-20 23:10:28"}
{"level":"info","message":"Starting Book Management System server...","timestamp":"2025-06-20 23:10:50"}
{"level":"info","message":"Database connected and initialized successfully","timestamp":"2025-06-20 23:10:50"}
{"databaseConnected":true,"databaseType":"POSTGRESQL","level":"info","message":"Server running at http://localhost:3000","nodeEnv":"development","port":"3000","timestamp":"2025-06-20 23:10:50"}
{"level":"info","message":"Book Management System is ready!","timestamp":"2025-06-20 23:10:50"}
{"level":"info","message":"Starting Book Management System server...","timestamp":"2025-06-20 23:11:02"}
{"level":"info","message":"Database connected and initialized successfully","timestamp":"2025-06-20 23:11:02"}
{"databaseConnected":true,"databaseType":"POSTGRESQL","level":"info","message":"Server running at http://localhost:3000","nodeEnv":"development","port":"3000","timestamp":"2025-06-20 23:11:02"}
{"level":"info","message":"Book Management System is ready!","timestamp":"2025-06-20 23:11:02"}
{"level":"info","message":"Starting Book Management System server...","timestamp":"2025-06-20 23:13:20"}
{"level":"info","message":"Database connected and initialized successfully","timestamp":"2025-06-20 23:13:20"}
{"databaseConnected":true,"databaseType":"POSTGRESQL","level":"info","message":"Server running at http://localhost:3000","nodeEnv":"development","port":"3000","timestamp":"2025-06-20 23:13:20"}
{"level":"info","message":"Book Management System is ready!","timestamp":"2025-06-20 23:13:20"}
{"level":"info","message":"Starting Book Management System server...","timestamp":"2025-06-20 23:13:28"}
{"level":"info","message":"Database connected and initialized successfully","timestamp":"2025-06-20 23:13:28"}
{"databaseConnected":true,"databaseType":"POSTGRESQL","level":"info","message":"Server running at http://localhost:3000","nodeEnv":"development","port":"3000","timestamp":"2025-06-20 23:13:28"}
{"level":"info","message":"Book Management System is ready!","timestamp":"2025-06-20 23:13:28"}
{"level":"info","message":"Starting Book Management System server...","timestamp":"2025-06-20 23:13:36"}
{"level":"info","message":"Database connected and initialized successfully","timestamp":"2025-06-20 23:13:36"}
{"databaseConnected":true,"databaseType":"POSTGRESQL","level":"info","message":"Server running at http://localhost:3000","nodeEnv":"development","port":"3000","timestamp":"2025-06-20 23:13:36"}
{"level":"info","message":"Book Management System is ready!","timestamp":"2025-06-20 23:13:36"}
{"level":"info","message":"Starting Book Management System server...","timestamp":"2025-06-20 23:13:45"}
{"level":"info","message":"Database connected and initialized successfully","timestamp":"2025-06-20 23:13:45"}
{"databaseConnected":true,"databaseType":"POSTGRESQL","level":"info","message":"Server running at http://localhost:3000","nodeEnv":"development","port":"3000","timestamp":"2025-06-20 23:13:45"}
{"level":"info","message":"Book Management System is ready!","timestamp":"2025-06-20 23:13:45"}
{"level":"info","message":"Starting Book Management System server...","timestamp":"2025-06-20 23:16:59"}
{"level":"info","message":"Database connected and initialized successfully","timestamp":"2025-06-20 23:17:00"}
{"databaseConnected":true,"databaseType":"POSTGRESQL","level":"info","message":"Server running at http://localhost:3000","nodeEnv":"development","port":"3000","timestamp":"2025-06-20 23:17:00"}
{"level":"info","message":"Book Management System is ready!","timestamp":"2025-06-20 23:17:00"}
{"level":"info","message":"Starting Book Management System server...","timestamp":"2025-06-20 23:21:55"}
{"level":"info","message":"Database connected and initialized successfully","timestamp":"2025-06-20 23:21:55"}
{"databaseConnected":true,"databaseType":"POSTGRESQL","level":"info","message":"Server running at http://localhost:3000","nodeEnv":"development","port":"3000","timestamp":"2025-06-20 23:21:55"}
{"level":"info","message":"Book Management System is ready!","timestamp":"2025-06-20 23:21:55"}
{"level":"info","message":"Starting Book Management System server...","timestamp":"2025-06-20 23:23:14"}
{"level":"info","message":"Database connected and initialized successfully","timestamp":"2025-06-20 23:23:14"}
{"databaseConnected":true,"databaseType":"POSTGRESQL","level":"info","message":"Server running at http://localhost:3000","nodeEnv":"development","port":"3000","timestamp":"2025-06-20 23:23:14"}
{"level":"info","message":"Book Management System is ready!","timestamp":"2025-06-20 23:23:14"}
{"level":"info","message":"Starting Book Management System server...","timestamp":"2025-06-20 23:23:25"}
{"level":"info","message":"Database connected and initialized successfully","timestamp":"2025-06-20 23:23:25"}
{"databaseConnected":true,"databaseType":"POSTGRESQL","level":"info","message":"Server running at http://localhost:3000","nodeEnv":"development","port":"3000","timestamp":"2025-06-20 23:23:25"}
{"level":"info","message":"Book Management System is ready!","timestamp":"2025-06-20 23:23:25"}
{"level":"info","message":"Starting Book Management System server...","timestamp":"2025-06-20 23:27:45"}
{"level":"info","message":"Database connected and initialized successfully","timestamp":"2025-06-20 23:27:45"}
{"databaseConnected":true,"databaseType":"POSTGRESQL","level":"info","message":"Server running at http://localhost:3000","nodeEnv":"development","port":"3000","timestamp":"2025-06-20 23:27:45"}
{"level":"info","message":"Book Management System is ready!","timestamp":"2025-06-20 23:27:45"}
{"level":"info","message":"Starting Book Management System server...","timestamp":"2025-06-20 23:28:42"}
{"level":"info","message":"Database connected and initialized successfully","timestamp":"2025-06-20 23:28:42"}
{"databaseConnected":true,"databaseType":"POSTGRESQL","level":"info","message":"Server running at http://localhost:3000","nodeEnv":"development","port":"3000","timestamp":"2025-06-20 23:28:42"}
{"level":"info","message":"Book Management System is ready!","timestamp":"2025-06-20 23:28:42"}
{"level":"info","message":"Starting Book Management System server...","timestamp":"2025-06-20 23:32:42"}
{"level":"info","message":"Database connected and initialized successfully","timestamp":"2025-06-20 23:32:42"}
{"databaseConnected":true,"databaseType":"POSTGRESQL","level":"info","message":"Server running at http://localhost:3000","nodeEnv":"development","port":"3000","timestamp":"2025-06-20 23:32:42"}
{"level":"info","message":"Book Management System is ready!","timestamp":"2025-06-20 23:32:42"}
{"level":"info","message":"Starting Book Management System server...","timestamp":"2025-06-20 23:36:15"}
{"level":"info","message":"Database connected and initialized successfully","timestamp":"2025-06-20 23:36:16"}
{"databaseConnected":true,"databaseType":"POSTGRESQL","level":"info","message":"Server running at http://localhost:3000","nodeEnv":"development","port":"3000","timestamp":"2025-06-20 23:36:16"}
{"level":"info","message":"Book Management System is ready!","timestamp":"2025-06-20 23:36:16"}
{"level":"info","message":"Starting Book Management System server...","timestamp":"2025-06-20 23:36:52"}
{"level":"info","message":"Database connected and initialized successfully","timestamp":"2025-06-20 23:36:52"}
{"databaseConnected":true,"databaseType":"POSTGRESQL","level":"info","message":"Server running at http://localhost:3000","nodeEnv":"development","port":"3000","timestamp":"2025-06-20 23:36:52"}
{"level":"info","message":"Book Management System is ready!","timestamp":"2025-06-20 23:36:52"}
{"level":"info","message":"Starting Book Management System server...","timestamp":"2025-06-20 23:38:45"}
{"level":"info","message":"Database connected and initialized successfully","timestamp":"2025-06-20 23:38:45"}
{"databaseConnected":true,"databaseType":"POSTGRESQL","level":"info","message":"Server running at http://localhost:3000","nodeEnv":"development","port":"3000","timestamp":"2025-06-20 23:38:45"}
{"level":"info","message":"Book Management System is ready!","timestamp":"2025-06-20 23:38:45"}
{"duration":"10ms","level":"info","message":"Performance: getStats","operation":"getStats","timestamp":"2025-06-20 23:39:51"}
{"duration":"6ms","filters":{"limit":10,"offset":0},"level":"info","message":"Performance: getAllBooks","operation":"getAllBooks","resultCount":10,"timestamp":"2025-06-20 23:39:51","total":13}
{"action":"User login successful","level":"info","message":"Auth: User login successful","role":"user","timestamp":"2025-06-20 23:40:07","user":"user01@gmail.com","username":"user01"}
{"duration":"1ms","filters":{"limit":10,"offset":0},"level":"info","message":"Performance: getAllBooks","operation":"getAllBooks","resultCount":10,"timestamp":"2025-06-20 23:40:07","total":13}
{"author":"y","duration":"6ms","level":"info","message":"Performance: createBook","operation":"createBook","timestamp":"2025-06-20 23:40:13","title":"y"}
{"duration":"1ms","filters":{"limit":10,"offset":10},"level":"info","message":"Performance: getAllBooks","operation":"getAllBooks","resultCount":4,"timestamp":"2025-06-20 23:40:15","total":14}
{"duration":"1ms","level":"info","message":"Performance: getStats","operation":"getStats","timestamp":"2025-06-20 23:40:20"}
{"duration":"5ms","filters":{"limit":10,"offset":0},"level":"info","message":"Performance: getAllBooks","operation":"getAllBooks","resultCount":10,"timestamp":"2025-06-20 23:40:20","total":14}
{"author":"y","duration":"5ms","level":"info","message":"Performance: createBook","operation":"createBook","timestamp":"2025-06-20 23:40:31","title":"y"}
{"duration":"8ms","filters":{"limit":10,"offset":0},"level":"info","message":"Performance: getAllBooks","operation":"getAllBooks","resultCount":10,"timestamp":"2025-06-20 23:40:31","total":15}
{"duration":"0ms","id":17,"level":"info","message":"Performance: getBookById","operation":"getBookById","timestamp":"2025-06-20 23:40:42"}
{"duration":"2ms","fieldsUpdated":4,"id":17,"level":"info","message":"Performance: updateBook","operation":"updateBook","timestamp":"2025-06-20 23:40:46"}
{"duration":"1ms","filters":{"limit":10,"offset":0},"level":"info","message":"Performance: getAllBooks","operation":"getAllBooks","resultCount":10,"timestamp":"2025-06-20 23:40:46","total":15}
{"duration":"1ms","id":17,"level":"info","message":"Performance: deleteBook","operation":"deleteBook","success":true,"timestamp":"2025-06-20 23:40:54"}
{"duration":"3ms","level":"info","message":"Performance: getStats","operation":"getStats","timestamp":"2025-06-20 23:40:54"}
{"duration":"1ms","filters":{"limit":10,"offset":0},"level":"info","message":"Performance: getAllBooks","operation":"getAllBooks","resultCount":10,"timestamp":"2025-06-20 23:40:58","total":14}
{"duration":"2ms","id":18,"level":"info","message":"Performance: deleteBook","operation":"deleteBook","success":true,"timestamp":"2025-06-20 23:41:06"}
{"duration":"0ms","level":"info","message":"Performance: getStats","operation":"getStats","timestamp":"2025-06-20 23:41:12"}
{"duration":"6ms","filters":{"limit":10,"offset":0},"level":"info","message":"Performance: getAllBooks","operation":"getAllBooks","resultCount":10,"timestamp":"2025-06-20 23:41:12","total":13}
{"level":"info","message":"Starting Book Management System server...","timestamp":"2025-06-20 23:41:42"}
{"level":"info","message":"Database connected and initialized successfully","timestamp":"2025-06-20 23:41:42"}
{"databaseConnected":true,"databaseType":"POSTGRESQL","level":"info","message":"Server running at http://localhost:3000","nodeEnv":"development","port":"3000","timestamp":"2025-06-20 23:41:42"}
{"level":"info","message":"Book Management System is ready!","timestamp":"2025-06-20 23:41:42"}
{"level":"info","message":"Starting Book Management System server...","timestamp":"2025-06-20 23:41:49"}
{"level":"info","message":"Database connected and initialized successfully","timestamp":"2025-06-20 23:41:50"}
{"databaseConnected":true,"databaseType":"POSTGRESQL","level":"info","message":"Server running at http://localhost:3000","nodeEnv":"development","port":"3000","timestamp":"2025-06-20 23:41:50"}
{"level":"info","message":"Book Management System is ready!","timestamp":"2025-06-20 23:41:50"}
{"author":"t","duration":"17ms","level":"info","message":"Performance: createBook","operation":"createBook","timestamp":"2025-06-20 23:42:47","title":"t"}
{"duration":"16ms","filters":{"limit":10,"offset":0},"level":"info","message":"Performance: getAllBooks","operation":"getAllBooks","resultCount":10,"timestamp":"2025-06-20 23:42:47","total":14}
{"duration":"18ms","level":"info","message":"Performance: getStats","operation":"getStats","timestamp":"2025-06-20 23:42:47"}
{"duration":"4ms","id":19,"level":"info","message":"Performance: deleteBook","operation":"deleteBook","success":true,"timestamp":"2025-06-20 23:42:55"}
{"duration":"0ms","level":"info","message":"Performance: getStats","operation":"getStats","timestamp":"2025-06-20 23:42:58"}
{"duration":"8ms","filters":{"limit":10,"offset":0},"level":"info","message":"Performance: getAllBooks","operation":"getAllBooks","resultCount":10,"timestamp":"2025-06-20 23:42:59","total":13}
{"duration":"7ms","level":"info","message":"Performance: getStats","operation":"getStats","timestamp":"2025-06-20 23:44:01"}
{"duration":"4ms","filters":{"limit":10,"offset":0},"level":"info","message":"Performance: getAllBooks","operation":"getAllBooks","resultCount":10,"timestamp":"2025-06-20 23:44:01","total":13}
{"level":"info","message":"Starting Book Management System server...","timestamp":"2025-06-20 23:44:24"}
{"level":"info","message":"Database connected and initialized successfully","timestamp":"2025-06-20 23:44:24"}
{"databaseConnected":true,"databaseType":"POSTGRESQL","level":"info","message":"Server running at http://localhost:3000","nodeEnv":"development","port":"3000","timestamp":"2025-06-20 23:44:24"}
{"level":"info","message":"Book Management System is ready!","timestamp":"2025-06-20 23:44:24"}
{"duration":"9ms","level":"info","message":"Performance: getStats","operation":"getStats","timestamp":"2025-06-20 23:44:30"}
{"duration":"5ms","filters":{"limit":10,"offset":0},"level":"info","message":"Performance: getAllBooks","operation":"getAllBooks","resultCount":10,"timestamp":"2025-06-20 23:44:31","total":13}
{"author":"y","duration":"3ms","level":"info","message":"Performance: createBook","operation":"createBook","timestamp":"2025-06-20 23:44:36","title":"y"}
{"duration":"0ms","filters":{"limit":10,"offset":0},"level":"info","message":"Performance: getAllBooks","operation":"getAllBooks","resultCount":10,"timestamp":"2025-06-20 23:44:36","total":14}
{"duration":"1ms","level":"info","message":"Performance: getStats","operation":"getStats","timestamp":"2025-06-20 23:44:36"}
{"duration":"1ms","id":20,"level":"info","message":"Performance: getBookById","operation":"getBookById","timestamp":"2025-06-20 23:44:40"}
{"duration":"6ms","fieldsUpdated":4,"id":20,"level":"info","message":"Performance: updateBook","operation":"updateBook","timestamp":"2025-06-20 23:44:47"}
{"duration":"2ms","filters":{"limit":10,"offset":0},"level":"info","message":"Performance: getAllBooks","operation":"getAllBooks","resultCount":10,"timestamp":"2025-06-20 23:44:47","total":14}
{"duration":"2ms","level":"info","message":"Performance: getStats","operation":"getStats","timestamp":"2025-06-20 23:44:47"}
{"duration":"16ms","id":20,"level":"info","message":"Performance: deleteBook","operation":"deleteBook","success":true,"timestamp":"2025-06-20 23:44:57"}
{"duration":"2ms","filters":{"limit":10,"offset":0},"level":"info","message":"Performance: getAllBooks","operation":"getAllBooks","resultCount":10,"timestamp":"2025-06-20 23:44:57","total":13}
{"duration":"9ms","level":"info","message":"Performance: getStats","operation":"getStats","timestamp":"2025-06-20 23:44:57"}
{"level":"info","message":"Starting Book Management System server...","timestamp":"2025-06-20 23:49:17"}
{"level":"info","message":"Database connected and initialized successfully","timestamp":"2025-06-20 23:49:17"}
{"databaseConnected":true,"databaseType":"POSTGRESQL","level":"info","message":"Server running at http://localhost:3000","nodeEnv":"development","port":"3000","timestamp":"2025-06-20 23:49:17"}
{"level":"info","message":"Book Management System is ready!","timestamp":"2025-06-20 23:49:17"}
{"level":"info","message":"Starting Book Management System server...","timestamp":"2025-06-20 23:49:59"}
{"level":"info","message":"Database connected and initialized successfully","timestamp":"2025-06-20 23:50:00"}
{"databaseConnected":true,"databaseType":"POSTGRESQL","level":"info","message":"Server running at http://localhost:3000","nodeEnv":"development","port":"3000","timestamp":"2025-06-20 23:50:00"}
{"level":"info","message":"Book Management System is ready!","timestamp":"2025-06-20 23:50:00"}
{"level":"info","message":"Starting Book Management System server...","timestamp":"2025-06-20 23:50:15"}
{"level":"info","message":"Database connected and initialized successfully","timestamp":"2025-06-20 23:50:16"}
{"databaseConnected":true,"databaseType":"POSTGRESQL","level":"info","message":"Server running at http://localhost:3000","nodeEnv":"development","port":"3000","timestamp":"2025-06-20 23:50:16"}
{"level":"info","message":"Book Management System is ready!","timestamp":"2025-06-20 23:50:16"}
{"level":"info","message":"Starting Book Management System server...","timestamp":"2025-06-20 23:50:22"}
{"level":"info","message":"Database connected and initialized successfully","timestamp":"2025-06-20 23:50:23"}
{"databaseConnected":true,"databaseType":"POSTGRESQL","level":"info","message":"Server running at http://localhost:3000","nodeEnv":"development","port":"3000","timestamp":"2025-06-20 23:50:23"}
{"level":"info","message":"Book Management System is ready!","timestamp":"2025-06-20 23:50:23"}
{"level":"info","message":"Starting Book Management System server...","timestamp":"2025-06-20 23:50:43"}
{"level":"info","message":"Database connected and initialized successfully","timestamp":"2025-06-20 23:50:44"}
{"databaseConnected":true,"databaseType":"POSTGRESQL","level":"info","message":"Server running at http://localhost:3000","nodeEnv":"development","port":"3000","timestamp":"2025-06-20 23:50:44"}
{"level":"info","message":"Book Management System is ready!","timestamp":"2025-06-20 23:50:44"}
{"level":"info","message":"Starting Book Management System server...","timestamp":"2025-06-20 23:50:51"}
{"level":"info","message":"Database connected and initialized successfully","timestamp":"2025-06-20 23:50:52"}
{"databaseConnected":true,"databaseType":"POSTGRESQL","level":"info","message":"Server running at http://localhost:3000","nodeEnv":"development","port":"3000","timestamp":"2025-06-20 23:50:52"}
{"level":"info","message":"Book Management System is ready!","timestamp":"2025-06-20 23:50:52"}
{"level":"info","message":"Starting Book Management System server...","timestamp":"2025-06-20 23:51:08"}
{"level":"info","message":"Database connected and initialized successfully","timestamp":"2025-06-20 23:51:08"}
{"databaseConnected":true,"databaseType":"POSTGRESQL","level":"info","message":"Server running at http://localhost:3000","nodeEnv":"development","port":"3000","timestamp":"2025-06-20 23:51:08"}
{"level":"info","message":"Book Management System is ready!","timestamp":"2025-06-20 23:51:08"}
{"duration":"10ms","level":"info","message":"Performance: getStats","operation":"getStats","timestamp":"2025-06-20 23:51:49"}
{"duration":"5ms","filters":{"limit":10,"offset":0},"level":"info","message":"Performance: getAllBooks","operation":"getAllBooks","resultCount":10,"timestamp":"2025-06-20 23:51:49","total":13}
{"author":"y","duration":"4ms","level":"info","message":"Performance: createBook","operation":"createBook","timestamp":"2025-06-20 23:51:56","title":"y"}
{"duration":"1ms","filters":{"limit":10,"offset":0},"level":"info","message":"Performance: getAllBooks","operation":"getAllBooks","resultCount":10,"timestamp":"2025-06-20 23:51:56","total":14}
{"duration":"2ms","level":"info","message":"Performance: getStats","operation":"getStats","timestamp":"2025-06-20 23:51:56"}
{"duration":"0ms","id":21,"level":"info","message":"Performance: getBookById","operation":"getBookById","timestamp":"2025-06-20 23:51:57"}
{"duration":"4ms","fieldsUpdated":4,"id":21,"level":"info","message":"Performance: updateBook","operation":"updateBook","timestamp":"2025-06-20 23:51:59"}
{"duration":"1ms","filters":{"limit":10,"offset":0},"level":"info","message":"Performance: getAllBooks","operation":"getAllBooks","resultCount":10,"timestamp":"2025-06-20 23:51:59","total":14}
{"duration":"2ms","level":"info","message":"Performance: getStats","operation":"getStats","timestamp":"2025-06-20 23:51:59"}
{"duration":"1ms","id":21,"level":"info","message":"Performance: deleteBook","operation":"deleteBook","success":true,"timestamp":"2025-06-20 23:52:03"}
{"duration":"2ms","filters":{"limit":10,"offset":0},"level":"info","message":"Performance: getAllBooks","operation":"getAllBooks","resultCount":10,"timestamp":"2025-06-20 23:52:03","total":13}
{"duration":"1ms","level":"info","message":"Performance: getStats","operation":"getStats","timestamp":"2025-06-20 23:52:03"}
{"duration":"3ms","filters":{"limit":10,"offset":0},"level":"info","message":"Performance: getAllBooks","operation":"getAllBooks","resultCount":10,"timestamp":"2025-06-20 23:52:05","total":13}
